<?xml version="1.0" encoding="UTF-8"?>
<testsuites>
  <testsuite id="0" name="C:\Users\skfefeti\Projects\misc\aure\_tests_\sum.test.js" errors="0" package="C:\Users\skfefeti\Projects\misc\aure\_tests_\sum.test.js" hostname="localhost" tests="1" failures="0" time="3.897" timestamp="2019-08-23T21:51:51">
    <properties>
    </properties>
    <testcase classname="checking jest test suite" name="checking sum function" time="0">
    </testcase>
    <system-out/>
    <system-err/>
  </testsuite>
</testsuites>